<?xml version="1.0" encoding="UTF-8"?>
<!-- Generated by org.testng.reporters.JUnitReportReporter -->
<testsuite hostname="YusuFJaViD" failures="0" tests="2" name="org.SeleniumAuto1.TestFirstNG" time="0.013" errors="0" timestamp="2025-02-25T17:51:47 EST" skipped="0">
  <testcase classname="org.SeleniumAuto1.TestFirstNG" name="search" time="0.010"/>
  <testcase classname="org.SeleniumAuto1.TestFirstNG" name="AdvancedSearch" time="0.003"/>
</testsuite> <!-- org.SeleniumAuto1.TestFirstNG -->
